<?xml version="1.0" encoding="UTF-8"?>
<!-- Generated by org.testng.reporters.JUnitReportReporter -->
<testsuite skipped="0" hostname="MAA2-LT18YYLC2" name="com.leafBot.testcases.TC003_CreateLead" tests="2" failures="0" timestamp="04 Jan 2020 10:57:41 GMT" time="49.790" errors="0">
  <testcase name="createLead" time="29.539" classname="com.leafBot.testcases.TC003_CreateLead"/>
  <testcase name="createLead" time="20.251" classname="com.leafBot.testcases.TC003_CreateLead"/>
</testsuite> <!-- com.leafBot.testcases.TC003_CreateLead -->
